2023-02-06 10:24:20 error: uncaughtException: querySrv ESERVFAIL _mongodb._tcp.cluster0.x1jnvd2.mongodb.net
Error: querySrv ESERVFAIL _mongodb._tcp.cluster0.x1jnvd2.mongodb.net
    at QueryReqWrap.onresolve [as oncomplete] (node:internal/dns/promises:251:17)
2023-02-06 10:24:32 error: uncaughtException: querySrv ESERVFAIL _mongodb._tcp.cluster0.x1jnvd2.mongodb.net
Error: querySrv ESERVFAIL _mongodb._tcp.cluster0.x1jnvd2.mongodb.net
    at QueryReqWrap.onresolve [as oncomplete] (node:internal/dns/promises:251:17)
2023-02-06 10:24:55 error: uncaughtException: querySrv ESERVFAIL _mongodb._tcp.cluster0.x1jnvd2.mongodb.net
Error: querySrv ESERVFAIL _mongodb._tcp.cluster0.x1jnvd2.mongodb.net
    at QueryReqWrap.onresolve [as oncomplete] (node:internal/dns/promises:251:17)
2023-02-06 10:25:04 error: uncaughtException: querySrv ESERVFAIL _mongodb._tcp.cluster0.x1jnvd2.mongodb.net
Error: querySrv ESERVFAIL _mongodb._tcp.cluster0.x1jnvd2.mongodb.net
    at QueryReqWrap.onresolve [as oncomplete] (node:internal/dns/promises:251:17)
2023-02-06 10:25:25 error: uncaughtException: querySrv ESERVFAIL _mongodb._tcp.cluster0.x1jnvd2.mongodb.net
Error: querySrv ESERVFAIL _mongodb._tcp.cluster0.x1jnvd2.mongodb.net
    at QueryReqWrap.onresolve [as oncomplete] (node:internal/dns/promises:251:17)
2023-02-06 10:25:40 error: uncaughtException: querySrv ESERVFAIL _mongodb._tcp.cluster0.x1jnvd2.mongodb.net
Error: querySrv ESERVFAIL _mongodb._tcp.cluster0.x1jnvd2.mongodb.net
    at QueryReqWrap.onresolve [as oncomplete] (node:internal/dns/promises:251:17)
2023-02-06 10:40:52 error: [POST] /login >> StatusCode:: 409, Message:: Password is not matching
2023-02-06 10:41:01 error: [POST] /login >> StatusCode:: 409, Message:: Password is not matching
2023-02-06 11:37:41 error: uncaughtException: Unexpected token ';'
/home/abc/Desktop/sampleProject/Travel-Log Backend/src/controllers/question.controller.ts:72
                const ;
                      ^

SyntaxError: Unexpected token ';'
    at internalCompileFunction (node:internal/vm:74:18)
    at wrapSafe (node:internal/modules/cjs/loader:1141:20)
    at Module._compile (node:internal/modules/cjs/loader:1182:27)
    at Module.m._compile (/home/abc/Desktop/sampleProject/Travel-Log Backend/node_modules/ts-node/src/index.ts:1618:23)
    at Module._extensions..js (node:internal/modules/cjs/loader:1272:10)
    at Object.require.extensions.<computed> [as .ts] (/home/abc/Desktop/sampleProject/Travel-Log Backend/node_modules/ts-node/src/index.ts:1621:12)
    at Module.load (node:internal/modules/cjs/loader:1081:32)
    at Function.Module._load (node:internal/modules/cjs/loader:922:12)
    at Module.require (node:internal/modules/cjs/loader:1105:19)
    at require (node:internal/modules/cjs/helpers:103:18)
2023-02-06 11:41:53 error: uncaughtException: Unexpected token ';'
/home/abc/Desktop/sampleProject/Travel-Log Backend/src/controllers/question.controller.ts:72
                const ;
                      ^

SyntaxError: Unexpected token ';'
    at internalCompileFunction (node:internal/vm:74:18)
    at wrapSafe (node:internal/modules/cjs/loader:1141:20)
    at Module._compile (node:internal/modules/cjs/loader:1182:27)
    at Module.m._compile (/home/abc/Desktop/sampleProject/Travel-Log Backend/node_modules/ts-node/src/index.ts:1618:23)
    at Module._extensions..js (node:internal/modules/cjs/loader:1272:10)
    at Object.require.extensions.<computed> [as .ts] (/home/abc/Desktop/sampleProject/Travel-Log Backend/node_modules/ts-node/src/index.ts:1621:12)
    at Module.load (node:internal/modules/cjs/loader:1081:32)
    at Function.Module._load (node:internal/modules/cjs/loader:922:12)
    at Module.require (node:internal/modules/cjs/loader:1105:19)
    at require (node:internal/modules/cjs/helpers:103:18)
2023-02-06 11:42:38 error: uncaughtException: Unexpected token ';'
/home/abc/Desktop/sampleProject/Travel-Log Backend/src/controllers/question.controller.ts:72
                const ;
                      ^

SyntaxError: Unexpected token ';'
    at internalCompileFunction (node:internal/vm:74:18)
    at wrapSafe (node:internal/modules/cjs/loader:1141:20)
    at Module._compile (node:internal/modules/cjs/loader:1182:27)
    at Module.m._compile (/home/abc/Desktop/sampleProject/Travel-Log Backend/node_modules/ts-node/src/index.ts:1618:23)
    at Module._extensions..js (node:internal/modules/cjs/loader:1272:10)
    at Object.require.extensions.<computed> [as .ts] (/home/abc/Desktop/sampleProject/Travel-Log Backend/node_modules/ts-node/src/index.ts:1621:12)
    at Module.load (node:internal/modules/cjs/loader:1081:32)
    at Function.Module._load (node:internal/modules/cjs/loader:922:12)
    at Module.require (node:internal/modules/cjs/loader:1105:19)
    at require (node:internal/modules/cjs/helpers:103:18)
2023-02-06 11:43:05 error: uncaughtException: Unexpected token ';'
/home/abc/Desktop/sampleProject/Travel-Log Backend/src/controllers/question.controller.ts:72
                const ;
                      ^

SyntaxError: Unexpected token ';'
    at internalCompileFunction (node:internal/vm:74:18)
    at wrapSafe (node:internal/modules/cjs/loader:1141:20)
    at Module._compile (node:internal/modules/cjs/loader:1182:27)
    at Module.m._compile (/home/abc/Desktop/sampleProject/Travel-Log Backend/node_modules/ts-node/src/index.ts:1618:23)
    at Module._extensions..js (node:internal/modules/cjs/loader:1272:10)
    at Object.require.extensions.<computed> [as .ts] (/home/abc/Desktop/sampleProject/Travel-Log Backend/node_modules/ts-node/src/index.ts:1621:12)
    at Module.load (node:internal/modules/cjs/loader:1081:32)
    at Function.Module._load (node:internal/modules/cjs/loader:922:12)
    at Module.require (node:internal/modules/cjs/loader:1105:19)
    at require (node:internal/modules/cjs/helpers:103:18)
2023-02-06 11:54:27 error: [GET] /question/askedtome/undefined >> StatusCode:: 500, Message:: Cast to ObjectId failed for value "undefined" (type string) at path "blogUser" for model "question"
2023-02-06 12:40:58 error: [GET] /question/askedtome/undefined >> StatusCode:: 500, Message:: Cast to ObjectId failed for value "undefined" (type string) at path "blogUser" for model "question"
2023-02-06 12:41:03 error: [GET] /question/askedtome/undefined >> StatusCode:: 500, Message:: Cast to ObjectId failed for value "undefined" (type string) at path "blogUser" for model "question"
2023-02-06 12:45:18 error: [DELETE] /question/63dcde603a02a0b0e49cd496 >> StatusCode:: 500, Message:: connection 4 to 3.6.254.57:27017 closed
2023-02-06 12:47:06 error: [POST] /question/create >> StatusCode:: 500, Message:: question validation failed: answer: Path `answer` is required.
2023-02-06 12:48:33 error: [POST] /question/create >> StatusCode:: 500, Message:: question validation failed: answer: Path `answer` is required.
2023-02-06 12:50:43 error: [POST] /question/create >> StatusCode:: 500, Message:: question validation failed: answer: Path `answer` is required.
2023-02-06 12:52:01 error: [POST] /question/create >> StatusCode:: 500, Message:: question validation failed: answer: Path `answer` is required.
2023-02-06 12:53:33 error: [POST] /question/create >> StatusCode:: 500, Message:: question validation failed: answer: Path `answer` is required., question: Path `question` is required.
2023-02-06 12:54:50 error: [POST] /question/create >> StatusCode:: 500, Message:: question validation failed: answer: Path `answer` is required.
2023-02-06 12:56:06 error: [POST] /question/create >> StatusCode:: 500, Message:: question validation failed: question: Path `question` is required., answer: Path `answer` is required.
2023-02-06 12:56:12 error: [POST] /question/create >> StatusCode:: 500, Message:: question validation failed: answer: Path `answer` is required.
2023-02-06 12:57:20 error: [POST] /question/create >> StatusCode:: 500, Message:: question validation failed: answer: Path `answer` is required.
2023-02-06 12:58:03 error: [POST] /question/create >> StatusCode:: 500, Message:: question validation failed: answer: Path `answer` is required.
2023-02-06 12:59:03 error: [POST] /question/create >> StatusCode:: 500, Message:: question validation failed: answer: Path `answer` is required.
2023-02-06 12:59:04 error: [POST] /question/create >> StatusCode:: 500, Message:: question validation failed: question: Path `question` is required., answer: Path `answer` is required.
2023-02-06 12:59:46 error: [POST] /question/create >> StatusCode:: 500, Message:: question validation failed: answer: Path `answer` is required.
2023-02-06 13:00:09 error: [POST] /question/create >> StatusCode:: 500, Message:: question validation failed: answer: Path `answer` is required.
2023-02-06 13:01:41 error: [POST] /question/create >> StatusCode:: 500, Message:: question validation failed: answer: Path `answer` is required.
2023-02-06 13:02:16 error: [POST] /question/create >> StatusCode:: 500, Message:: question validation failed: answer: Path `answer` is required.
2023-02-06 13:02:34 error: [POST] /question/create >> StatusCode:: 500, Message:: question validation failed: answer: Path `answer` is required.
2023-02-06 13:03:02 error: [POST] /question/create >> StatusCode:: 500, Message:: question validation failed: answer: Path `answer` is required.
2023-02-06 13:03:10 error: [POST] /question/create >> StatusCode:: 500, Message:: question validation failed: answer: Path `answer` is required.
2023-02-06 13:54:31 error: [POST] /question/answer/63e0ad6dc3726545220a660b >> StatusCode:: 400, Message:: answer is required
2023-02-06 13:54:36 error: [POST] /question/answer/63e0ad6dc3726545220a660b >> StatusCode:: 400, Message:: answer is required
2023-02-06 13:55:05 error: [POST] /question/answer/63e0ad6dc3726545220a660b >> StatusCode:: 400, Message:: answer is required
2023-02-06 13:57:15 error: [POST] /question/create >> StatusCode:: 500, Message:: Could not connect to any servers in your MongoDB Atlas cluster. One common reason is that you're trying to access the database from an IP that isn't whitelisted. Make sure your current IP address is on your Atlas cluster's IP whitelist: https://docs.atlas.mongodb.com/security-whitelist/
2023-02-06 13:57:15 error: [GET] /users/63da492af93431821a372326 >> StatusCode:: 500, Message:: Could not connect to any servers in your MongoDB Atlas cluster. One common reason is that you're trying to access the database from an IP that isn't whitelisted. Make sure your current IP address is on your Atlas cluster's IP whitelist: https://docs.atlas.mongodb.com/security-whitelist/
2023-02-06 14:37:38 error: [POST] /login >> StatusCode:: 409, Message:: Password is not matching
2023-02-06 14:39:25 error: [POST] /login >> StatusCode:: 409, Message:: Password is not matching
2023-02-06 14:39:33 error: [POST] /login >> StatusCode:: 409, Message:: Password is not matching
2023-02-06 14:42:35 error: uncaughtException: тип Unable to compile TypeScript:
[96msrc/services/question.service.ts[0m:[93m37[0m:[93m81[0m - [91merror[0m[90m TS1003: [0mIdentifier expected.

[7m37[0m         const data:Question[] = await this.questions.find({ blogUser: userId })..sort({createdAt:-1});
[7m  [0m [91m                                                                                ~[0m

TSError: тип Unable to compile TypeScript:
[96msrc/services/question.service.ts[0m:[93m37[0m:[93m81[0m - [91merror[0m[90m TS1003: [0mIdentifier expected.

[7m37[0m         const data:Question[] = await this.questions.find({ blogUser: userId })..sort({createdAt:-1});
[7m  [0m [91m                                                                                ~[0m

    at createTSError (/home/abc/Desktop/sampleProject/Travel-Log Backend/node_modules/ts-node/src/index.ts:859:12)
    at reportTSError (/home/abc/Desktop/sampleProject/Travel-Log Backend/node_modules/ts-node/src/index.ts:863:19)
    at /home/abc/Desktop/sampleProject/Travel-Log Backend/node_modules/ts-node/src/index.ts:1379:34
    at Object.compile (/home/abc/Desktop/sampleProject/Travel-Log Backend/node_modules/ts-node/src/index.ts:1458:13)
    at Module.m._compile (/home/abc/Desktop/sampleProject/Travel-Log Backend/node_modules/ts-node/src/index.ts:1617:30)
    at Module._extensions..js (node:internal/modules/cjs/loader:1272:10)
    at Object.require.extensions.<computed> [as .ts] (/home/abc/Desktop/sampleProject/Travel-Log Backend/node_modules/ts-node/src/index.ts:1621:12)
    at Module.load (node:internal/modules/cjs/loader:1081:32)
    at Function.Module._load (node:internal/modules/cjs/loader:922:12)
    at Module.require (node:internal/modules/cjs/loader:1105:19)
2023-02-06 14:42:58 error: uncaughtException: тип Unable to compile TypeScript:
[96msrc/services/question.service.ts[0m:[93m37[0m:[93m81[0m - [91merror[0m[90m TS1003: [0mIdentifier expected.

[7m37[0m         const data:Question[] = await this.questions.find({ blogUser: userId })..sort({createdAt:-1});
[7m  [0m [91m                                                                                ~[0m

TSError: тип Unable to compile TypeScript:
[96msrc/services/question.service.ts[0m:[93m37[0m:[93m81[0m - [91merror[0m[90m TS1003: [0mIdentifier expected.

[7m37[0m         const data:Question[] = await this.questions.find({ blogUser: userId })..sort({createdAt:-1});
[7m  [0m [91m                                                                                ~[0m

    at createTSError (/home/abc/Desktop/sampleProject/Travel-Log Backend/node_modules/ts-node/src/index.ts:859:12)
    at reportTSError (/home/abc/Desktop/sampleProject/Travel-Log Backend/node_modules/ts-node/src/index.ts:863:19)
    at /home/abc/Desktop/sampleProject/Travel-Log Backend/node_modules/ts-node/src/index.ts:1379:34
    at Object.compile (/home/abc/Desktop/sampleProject/Travel-Log Backend/node_modules/ts-node/src/index.ts:1458:13)
    at Module.m._compile (/home/abc/Desktop/sampleProject/Travel-Log Backend/node_modules/ts-node/src/index.ts:1617:30)
    at Module._extensions..js (node:internal/modules/cjs/loader:1272:10)
    at Object.require.extensions.<computed> [as .ts] (/home/abc/Desktop/sampleProject/Travel-Log Backend/node_modules/ts-node/src/index.ts:1621:12)
    at Module.load (node:internal/modules/cjs/loader:1081:32)
    at Function.Module._load (node:internal/modules/cjs/loader:922:12)
    at Module.require (node:internal/modules/cjs/loader:1105:19)
2023-02-06 14:49:50 error: uncaughtException: тип Unable to compile TypeScript:
[96msrc/services/question.service.ts[0m:[93m37[0m:[93m81[0m - [91merror[0m[90m TS1003: [0mIdentifier expected.

[7m37[0m         const data:Question[] = await this.questions.find({ blogUser: userId })..sort({createdAt:-1});
[7m  [0m [91m                                                                                ~[0m

TSError: тип Unable to compile TypeScript:
[96msrc/services/question.service.ts[0m:[93m37[0m:[93m81[0m - [91merror[0m[90m TS1003: [0mIdentifier expected.

[7m37[0m         const data:Question[] = await this.questions.find({ blogUser: userId })..sort({createdAt:-1});
[7m  [0m [91m                                                                                ~[0m

    at createTSError (/home/abc/Desktop/sampleProject/Travel-Log Backend/node_modules/ts-node/src/index.ts:859:12)
    at reportTSError (/home/abc/Desktop/sampleProject/Travel-Log Backend/node_modules/ts-node/src/index.ts:863:19)
    at /home/abc/Desktop/sampleProject/Travel-Log Backend/node_modules/ts-node/src/index.ts:1379:34
    at Object.compile (/home/abc/Desktop/sampleProject/Travel-Log Backend/node_modules/ts-node/src/index.ts:1458:13)
    at Module.m._compile (/home/abc/Desktop/sampleProject/Travel-Log Backend/node_modules/ts-node/src/index.ts:1617:30)
    at Module._extensions..js (node:internal/modules/cjs/loader:1272:10)
    at Object.require.extensions.<computed> [as .ts] (/home/abc/Desktop/sampleProject/Travel-Log Backend/node_modules/ts-node/src/index.ts:1621:12)
    at Module.load (node:internal/modules/cjs/loader:1081:32)
    at Function.Module._load (node:internal/modules/cjs/loader:922:12)
    at Module.require (node:internal/modules/cjs/loader:1105:19)
2023-02-06 14:50:05 error: uncaughtException: тип Unable to compile TypeScript:
[96msrc/services/question.service.ts[0m:[93m37[0m:[93m81[0m - [91merror[0m[90m TS1003: [0mIdentifier expected.

[7m37[0m         const data:Question[] = await this.questions.find({ blogUser: userId })..sort({createdAt:-1});
[7m  [0m [91m                                                                                ~[0m

TSError: тип Unable to compile TypeScript:
[96msrc/services/question.service.ts[0m:[93m37[0m:[93m81[0m - [91merror[0m[90m TS1003: [0mIdentifier expected.

[7m37[0m         const data:Question[] = await this.questions.find({ blogUser: userId })..sort({createdAt:-1});
[7m  [0m [91m                                                                                ~[0m

    at createTSError (/home/abc/Desktop/sampleProject/Travel-Log Backend/node_modules/ts-node/src/index.ts:859:12)
    at reportTSError (/home/abc/Desktop/sampleProject/Travel-Log Backend/node_modules/ts-node/src/index.ts:863:19)
    at /home/abc/Desktop/sampleProject/Travel-Log Backend/node_modules/ts-node/src/index.ts:1379:34
    at Object.compile (/home/abc/Desktop/sampleProject/Travel-Log Backend/node_modules/ts-node/src/index.ts:1458:13)
    at Module.m._compile (/home/abc/Desktop/sampleProject/Travel-Log Backend/node_modules/ts-node/src/index.ts:1617:30)
    at Module._extensions..js (node:internal/modules/cjs/loader:1272:10)
    at Object.require.extensions.<computed> [as .ts] (/home/abc/Desktop/sampleProject/Travel-Log Backend/node_modules/ts-node/src/index.ts:1621:12)
    at Module.load (node:internal/modules/cjs/loader:1081:32)
    at Function.Module._load (node:internal/modules/cjs/loader:922:12)
    at Module.require (node:internal/modules/cjs/loader:1105:19)
2023-02-06 14:51:15 error: uncaughtException: тип Unable to compile TypeScript:
[96msrc/services/question.service.ts[0m:[93m37[0m:[93m81[0m - [91merror[0m[90m TS1003: [0mIdentifier expected.

[7m37[0m         const data:Question[] = await this.questions.find({ blogUser: userId })..sort({createdAt:-1});
[7m  [0m [91m                                                                                ~[0m

TSError: тип Unable to compile TypeScript:
[96msrc/services/question.service.ts[0m:[93m37[0m:[93m81[0m - [91merror[0m[90m TS1003: [0mIdentifier expected.

[7m37[0m         const data:Question[] = await this.questions.find({ blogUser: userId })..sort({createdAt:-1});
[7m  [0m [91m                                                                                ~[0m

    at createTSError (/home/abc/Desktop/sampleProject/Travel-Log Backend/node_modules/ts-node/src/index.ts:859:12)
    at reportTSError (/home/abc/Desktop/sampleProject/Travel-Log Backend/node_modules/ts-node/src/index.ts:863:19)
    at /home/abc/Desktop/sampleProject/Travel-Log Backend/node_modules/ts-node/src/index.ts:1379:34
    at Object.compile (/home/abc/Desktop/sampleProject/Travel-Log Backend/node_modules/ts-node/src/index.ts:1458:13)
    at Module.m._compile (/home/abc/Desktop/sampleProject/Travel-Log Backend/node_modules/ts-node/src/index.ts:1617:30)
    at Module._extensions..js (node:internal/modules/cjs/loader:1272:10)
    at Object.require.extensions.<computed> [as .ts] (/home/abc/Desktop/sampleProject/Travel-Log Backend/node_modules/ts-node/src/index.ts:1621:12)
    at Module.load (node:internal/modules/cjs/loader:1081:32)
    at Function.Module._load (node:internal/modules/cjs/loader:922:12)
    at Module.require (node:internal/modules/cjs/loader:1105:19)
2023-02-06 14:51:29 error: uncaughtException: тип Unable to compile TypeScript:
[96msrc/services/question.service.ts[0m:[93m37[0m:[93m81[0m - [91merror[0m[90m TS1003: [0mIdentifier expected.

[7m37[0m         const data:Question[] = await this.questions.find({ blogUser: userId })..sort({createdAt:-1});
[7m  [0m [91m                                                                                ~[0m

TSError: тип Unable to compile TypeScript:
[96msrc/services/question.service.ts[0m:[93m37[0m:[93m81[0m - [91merror[0m[90m TS1003: [0mIdentifier expected.

[7m37[0m         const data:Question[] = await this.questions.find({ blogUser: userId })..sort({createdAt:-1});
[7m  [0m [91m                                                                                ~[0m

    at createTSError (/home/abc/Desktop/sampleProject/Travel-Log Backend/node_modules/ts-node/src/index.ts:859:12)
    at reportTSError (/home/abc/Desktop/sampleProject/Travel-Log Backend/node_modules/ts-node/src/index.ts:863:19)
    at /home/abc/Desktop/sampleProject/Travel-Log Backend/node_modules/ts-node/src/index.ts:1379:34
    at Object.compile (/home/abc/Desktop/sampleProject/Travel-Log Backend/node_modules/ts-node/src/index.ts:1458:13)
    at Module.m._compile (/home/abc/Desktop/sampleProject/Travel-Log Backend/node_modules/ts-node/src/index.ts:1617:30)
    at Module._extensions..js (node:internal/modules/cjs/loader:1272:10)
    at Object.require.extensions.<computed> [as .ts] (/home/abc/Desktop/sampleProject/Travel-Log Backend/node_modules/ts-node/src/index.ts:1621:12)
    at Module.load (node:internal/modules/cjs/loader:1081:32)
    at Function.Module._load (node:internal/modules/cjs/loader:922:12)
    at Module.require (node:internal/modules/cjs/loader:1105:19)
2023-02-06 14:53:18 error: uncaughtException: тип Unable to compile TypeScript:
[96msrc/services/question.service.ts[0m:[93m37[0m:[93m81[0m - [91merror[0m[90m TS1003: [0mIdentifier expected.

[7m37[0m         const data:Question[] = await this.questions.find({ blogUser: userId })..sort({createdAt:-1});
[7m  [0m [91m                                                                                ~[0m

TSError: тип Unable to compile TypeScript:
[96msrc/services/question.service.ts[0m:[93m37[0m:[93m81[0m - [91merror[0m[90m TS1003: [0mIdentifier expected.

[7m37[0m         const data:Question[] = await this.questions.find({ blogUser: userId })..sort({createdAt:-1});
[7m  [0m [91m                                                                                ~[0m

    at createTSError (/home/abc/Desktop/sampleProject/Travel-Log Backend/node_modules/ts-node/src/index.ts:859:12)
    at reportTSError (/home/abc/Desktop/sampleProject/Travel-Log Backend/node_modules/ts-node/src/index.ts:863:19)
    at /home/abc/Desktop/sampleProject/Travel-Log Backend/node_modules/ts-node/src/index.ts:1379:34
    at Object.compile (/home/abc/Desktop/sampleProject/Travel-Log Backend/node_modules/ts-node/src/index.ts:1458:13)
    at Module.m._compile (/home/abc/Desktop/sampleProject/Travel-Log Backend/node_modules/ts-node/src/index.ts:1617:30)
    at Module._extensions..js (node:internal/modules/cjs/loader:1272:10)
    at Object.require.extensions.<computed> [as .ts] (/home/abc/Desktop/sampleProject/Travel-Log Backend/node_modules/ts-node/src/index.ts:1621:12)
    at Module.load (node:internal/modules/cjs/loader:1081:32)
    at Function.Module._load (node:internal/modules/cjs/loader:922:12)
    at Module.require (node:internal/modules/cjs/loader:1105:19)
2023-02-06 14:54:40 error: uncaughtException: тип Unable to compile TypeScript:
[96msrc/services/question.service.ts[0m:[93m37[0m:[93m81[0m - [91merror[0m[90m TS1003: [0mIdentifier expected.

[7m37[0m         const data:Question[] = await this.questions.find({ blogUser: userId })..sort({createdAt:-1});
[7m  [0m [91m                                                                                ~[0m

TSError: тип Unable to compile TypeScript:
[96msrc/services/question.service.ts[0m:[93m37[0m:[93m81[0m - [91merror[0m[90m TS1003: [0mIdentifier expected.

[7m37[0m         const data:Question[] = await this.questions.find({ blogUser: userId })..sort({createdAt:-1});
[7m  [0m [91m                                                                                ~[0m

    at createTSError (/home/abc/Desktop/sampleProject/Travel-Log Backend/node_modules/ts-node/src/index.ts:859:12)
    at reportTSError (/home/abc/Desktop/sampleProject/Travel-Log Backend/node_modules/ts-node/src/index.ts:863:19)
    at /home/abc/Desktop/sampleProject/Travel-Log Backend/node_modules/ts-node/src/index.ts:1379:34
    at Object.compile (/home/abc/Desktop/sampleProject/Travel-Log Backend/node_modules/ts-node/src/index.ts:1458:13)
    at Module.m._compile (/home/abc/Desktop/sampleProject/Travel-Log Backend/node_modules/ts-node/src/index.ts:1617:30)
    at Module._extensions..js (node:internal/modules/cjs/loader:1272:10)
    at Object.require.extensions.<computed> [as .ts] (/home/abc/Desktop/sampleProject/Travel-Log Backend/node_modules/ts-node/src/index.ts:1621:12)
    at Module.load (node:internal/modules/cjs/loader:1081:32)
    at Function.Module._load (node:internal/modules/cjs/loader:922:12)
    at Module.require (node:internal/modules/cjs/loader:1105:19)
2023-02-06 14:54:56 error: uncaughtException: тип Unable to compile TypeScript:
[96msrc/services/question.service.ts[0m:[93m37[0m:[93m81[0m - [91merror[0m[90m TS1003: [0mIdentifier expected.

[7m37[0m         const data:Question[] = await this.questions.find({ blogUser: userId })..sort({createdAt:-1});
[7m  [0m [91m                                                                                ~[0m

TSError: тип Unable to compile TypeScript:
[96msrc/services/question.service.ts[0m:[93m37[0m:[93m81[0m - [91merror[0m[90m TS1003: [0mIdentifier expected.

[7m37[0m         const data:Question[] = await this.questions.find({ blogUser: userId })..sort({createdAt:-1});
[7m  [0m [91m                                                                                ~[0m

    at createTSError (/home/abc/Desktop/sampleProject/Travel-Log Backend/node_modules/ts-node/src/index.ts:859:12)
    at reportTSError (/home/abc/Desktop/sampleProject/Travel-Log Backend/node_modules/ts-node/src/index.ts:863:19)
    at /home/abc/Desktop/sampleProject/Travel-Log Backend/node_modules/ts-node/src/index.ts:1379:34
    at Object.compile (/home/abc/Desktop/sampleProject/Travel-Log Backend/node_modules/ts-node/src/index.ts:1458:13)
    at Module.m._compile (/home/abc/Desktop/sampleProject/Travel-Log Backend/node_modules/ts-node/src/index.ts:1617:30)
    at Module._extensions..js (node:internal/modules/cjs/loader:1272:10)
    at Object.require.extensions.<computed> [as .ts] (/home/abc/Desktop/sampleProject/Travel-Log Backend/node_modules/ts-node/src/index.ts:1621:12)
    at Module.load (node:internal/modules/cjs/loader:1081:32)
    at Function.Module._load (node:internal/modules/cjs/loader:922:12)
    at Module.require (node:internal/modules/cjs/loader:1105:19)
2023-02-06 15:00:11 error: [POST] /blogs/create >> StatusCode:: 413, Message:: request entity too large
2023-02-06 15:00:18 error: [POST] /blogs/create >> StatusCode:: 413, Message:: request entity too large
2023-02-06 15:10:26 error: [POST] /blogs/create >> StatusCode:: 413, Message:: request entity too large
2023-02-06 15:10:33 error: [POST] /blogs/create >> StatusCode:: 413, Message:: request entity too large
2023-02-06 15:10:35 error: [POST] /blogs/create >> StatusCode:: 413, Message:: request entity too large
